<?xml version="1.0" encoding="UTF-8"?>
<testsuite xmlns:xsi="http://www.w3.org/2001/XMLSchema-instance" xsi:noNamespaceSchemaLocation="https://maven.apache.org/surefire/maven-surefire-plugin/xsd/surefire-test-report.xsd" name="com.example.myblog.MyblogApplicationTests" time="13.553" tests="3" errors="0" skipped="0" failures="0">
  <properties>
[...]
</properties>
  <testcase name="testLogin" classname="com.example.myblog.MyblogApplicationTests" time="0.678"/>
  <testcase name="testPage" classname="com.example.myblog.MyblogApplicationTests" time="0.254"/>
  <testcase name="contextLoads" classname="com.example.myblog.MyblogApplicationTests" time="0.006"/>
</testsuite>